<?xml version="1.0" encoding="UTF-8"?>
<!-- Generated by org.testng.reporters.JUnitReportReporter -->
<testsuite skipped="0" hostname="Comets-MBP.attlocal.net" name="test.LoginTest" tests="1" failures="0" timestamp="2023-01-25T10:08:38 CST" time="4.058" errors="0">
  <testcase name="validUserShouldBeAbleToLogin" time="4.058" classname="test.LoginTest"/>
  <system-out/>
</testsuite> <!-- test.LoginTest -->
