<?xml version="1.0" encoding="UTF-8"?>
<!-- Generated by org.testng.reporters.JUnitReportReporter -->
<testsuite hostname="Comets-MBP.attlocal.net" failures="0" tests="1" name="test.AddCustomerTest" time="14.965" errors="0" timestamp="2023-01-07T16:53:19 CST" skipped="0">
  <testcase classname="test.AddCustomerTest" name="userShouldBeAbleToAddCustomer" time="14.965"/>
  <system-out/>
</testsuite> <!-- test.AddCustomerTest -->
