<?xml version="1.0" encoding="UTF-8"?>
<!-- Generated by org.testng.reporters.JUnitReportReporter -->
<testsuite hostname="Comets-MBP.attlocal.net" failures="0" tests="1" name="test.DashboardTest" time="6.074" errors="0" timestamp="2022-12-08T10:57:21 CST" skipped="0">
  <testcase classname="test.DashboardTest" name="customerShouldBeAbleToClickCustomerAndAddCustomerButton" time="6.074"/>
  <system-out/>
</testsuite> <!-- test.DashboardTest -->
