<?xml version="1.0" encoding="UTF-8"?>
<!-- Generated by org.testng.reporters.JUnitReportReporter -->
<testsuite hostname="Comets-MBP.attlocal.net" failures="0" tests="1" name="page.LoginPage" time="2.956" errors="0" timestamp="2022-12-07T10:10:22 CST" skipped="0">
  <testcase classname="page.LoginPage" name="validUserShouldBeAbleToLogin" time="2.956"/>
  <system-out/>
</testsuite> <!-- page.LoginPage -->
