<?xml version="1.0" encoding="UTF-8"?>
<!-- Generated by org.testng.reporters.JUnitReportReporter -->
<testsuite hostname="Comets-MBP.attlocal.net" failures="0" tests="1" name="test.LoginTest" time="4.326" errors="0" timestamp="2023-01-05T14:12:12 CST" skipped="0">
  <testcase classname="test.LoginTest" name="validUserShouldBeAbleToLogin" time="4.326"/>
  <system-out/>
</testsuite> <!-- test.LoginTest -->
